[2025-05-07T13:36:36.171+08:00] Shutting down gracefully...
[2025-05-07T13:36:36.175+08:00] Server closed successfully
[2025-05-07T13:36:39.202+08:00] ETL Control API running on port 5006
[2025-05-07T13:40:00.835+08:00] Starting Voucher ETL. Total records: 156915
[2025-05-07T13:41:28.526+08:00] Progress: 6% (10000/156915)
[2025-05-07T13:42:57.409+08:00] Progress: 13% (20000/156915)
[2025-05-07T13:44:37.219+08:00] Progress: 19% (30000/156915)
[2025-05-07T13:46:26.386+08:00] Progress: 25% (40000/156915)
[2025-05-07T13:48:20.333+08:00] Progress: 32% (50000/156915)
[2025-05-07T13:50:00.472+08:00] Starting Voucher ETL. Total records: 156915
[2025-05-07T13:50:40.475+08:00] Progress: 38% (60000/156915)
[2025-05-07T13:52:09.298+08:00] ERROR: Failed to process record 64480
[2025-05-07T13:52:44.445+08:00] Progress: 6% (10000/156915)
[2025-05-07T13:53:26.623+08:00] Progress: 45% (70000/156915)
[2025-05-07T13:54:29.058+08:00] Progress: 13% (20000/156915)
[2025-05-07T13:55:32.628+08:00] Progress: 51% (80000/156915)
[2025-05-07T13:56:27.743+08:00] Progress: 19% (30000/156915)
[2025-05-07T13:57:21.526+08:00] Progress: 57% (90000/156915)
[2025-05-07T13:57:30.159+08:00] Progress: 25% (40000/156915)
[2025-05-07T13:58:11.739+08:00] Progress: 64% (100000/156915)
[2025-05-07T13:58:12.358+08:00] Progress: 32% (50000/156915)
[2025-05-07T13:58:52.858+08:00] Progress: 38% (60000/156915)
[2025-05-07T13:59:00.639+08:00] Progress: 70% (110000/156915)
[2025-05-07T13:59:35.120+08:00] Progress: 45% (70000/156915)
[2025-05-07T13:59:54.886+08:00] Progress: 76% (120000/156915)
[2025-05-07T14:00:00.803+08:00] Starting Voucher ETL. Total records: 156915
[2025-05-07T14:00:26.801+08:00] Progress: 51% (80000/156915)
[2025-05-07T14:00:54.926+08:00] Progress: 6% (10000/156915)
[2025-05-07T14:00:59.394+08:00] Progress: 83% (130000/156915)
[2025-05-07T14:01:21.570+08:00] Progress: 57% (90000/156915)
[2025-05-07T14:01:49.500+08:00] Progress: 13% (20000/156915)
[2025-05-07T14:02:05.133+08:00] Progress: 89% (140000/156915)
[2025-05-07T14:02:15.547+08:00] Progress: 64% (100000/156915)
[2025-05-07T14:02:42.642+08:00] Progress: 19% (30000/156915)
[2025-05-07T14:03:07.530+08:00] Progress: 96% (150000/156915)
[2025-05-07T14:03:07.858+08:00] Progress: 70% (110000/156915)
[2025-05-07T14:03:35.442+08:00] Progress: 25% (40000/156915)
[2025-05-07T14:03:51.392+08:00] Progress: 102% (160000/156915)
[2025-05-07T14:03:52.392+08:00] ETL completed. Total Processed: 156922, Total Skipped: 1
[2025-05-07T14:03:58.534+08:00] Progress: 76% (120000/156915)
[2025-05-07T14:04:18.508+08:00] Progress: 32% (50000/156915)
[2025-05-07T14:04:37.642+08:00] Progress: 83% (130000/156915)
[2025-05-07T14:04:58.214+08:00] Progress: 38% (60000/156915)
[2025-05-07T14:05:17.204+08:00] Progress: 89% (140000/156915)
[2025-05-07T14:05:38.951+08:00] Progress: 45% (70000/156915)
[2025-05-07T14:05:58.544+08:00] Progress: 96% (150000/156915)
[2025-05-07T14:06:19.824+08:00] Progress: 51% (80000/156915)
[2025-05-07T14:06:26.819+08:00] Progress: 102% (160000/156915)
[2025-05-07T14:06:27.821+08:00] ETL completed. Total Processed: 156923, Total Skipped: 0
[2025-05-07T14:06:54.175+08:00] Progress: 57% (90000/156915)
[2025-05-07T14:07:29.249+08:00] Progress: 64% (100000/156915)
[2025-05-07T14:08:04.131+08:00] Progress: 70% (110000/156915)
[2025-05-07T14:08:40.438+08:00] Progress: 76% (120000/156915)
[2025-05-07T14:09:16.710+08:00] Progress: 83% (130000/156915)
[2025-05-07T14:09:29.765+08:00] Shutting down gracefully...
[2025-05-07T14:09:29.768+08:00] Server closed successfully
[2025-05-07T14:09:32.722+08:00] IMP ETL Control API running on port 5006
[2025-05-07T14:11:35.210+08:00] Shutting down gracefully...
[2025-05-07T14:11:35.214+08:00] Server closed successfully
[2025-05-07T14:11:38.313+08:00] IMP ETL Control API running on port 5006
[2025-05-07T14:20:00.564+08:00] Starting Voucher ETL. Total records: 156915
[2025-05-07T14:20:00.565+08:00] Processing batch: 0 to 9999
[2025-05-07T14:20:36.274+08:00] Progress: 6% (10000/156915)
[2025-05-07T14:20:37.287+08:00] Processing batch: 10000 to 19999
[2025-05-07T14:21:15.721+08:00] Progress: 13% (20000/156915)
[2025-05-07T14:21:16.728+08:00] Processing batch: 20000 to 29999
[2025-05-07T14:21:54.030+08:00] Progress: 19% (30000/156915)
[2025-05-07T14:21:55.037+08:00] Processing batch: 30000 to 39999
[2025-05-07T14:22:27.888+08:00] Progress: 25% (40000/156915)
[2025-05-07T14:22:28.895+08:00] Processing batch: 40000 to 49999
[2025-05-07T14:23:07.698+08:00] Progress: 32% (50000/156915)
[2025-05-07T14:23:08.700+08:00] Processing batch: 50000 to 59999
[2025-05-07T14:23:54.694+08:00] ERROR: Failed to process record 58019
[2025-05-07T14:24:04.701+08:00] ERROR: Failed to process record 58020
[2025-05-07T14:24:18.265+08:00] Shutting down gracefully...
[2025-05-07T14:24:18.269+08:00] Server closed successfully
[2025-05-07T14:24:40.467+08:00] IMP ETL Control API running on port 5006
[2025-05-07T14:24:55.459+08:00] Shutting down gracefully...
[2025-05-07T14:24:55.463+08:00] Server closed successfully
[2025-05-07T14:24:57.806+08:00] IMP ETL Control API running on port 5006
[2025-05-07T14:40:00.970+08:00] Starting Voucher ETL. Total records: 156915
[2025-05-07T14:40:00.972+08:00] Processing batch: 0 to 9999
[2025-05-07T14:40:57.895+08:00] Progress: 6% (10000/156915)
[2025-05-07T14:40:58.901+08:00] Processing batch: 10000 to 19999
[2025-05-07T14:41:53.977+08:00] Progress: 13% (20000/156915)
[2025-05-07T14:41:54.991+08:00] Processing batch: 20000 to 29999
[2025-05-07T14:42:46.792+08:00] Progress: 19% (30000/156915)
[2025-05-07T14:42:47.803+08:00] Processing batch: 30000 to 39999
[2025-05-07T14:43:38.318+08:00] Progress: 25% (40000/156915)
[2025-05-07T14:43:39.324+08:00] Processing batch: 40000 to 49999
[2025-05-07T14:44:32.019+08:00] Progress: 32% (50000/156915)
[2025-05-07T14:44:33.023+08:00] Processing batch: 50000 to 59999
[2025-05-07T14:45:29.530+08:00] Progress: 38% (60000/156915)
[2025-05-07T14:45:30.532+08:00] Processing batch: 60000 to 69999
[2025-05-07T14:46:34.528+08:00] Progress: 45% (70000/156915)
[2025-05-07T14:46:35.535+08:00] Processing batch: 70000 to 79999
[2025-05-07T14:47:34.334+08:00] Progress: 51% (80000/156915)
[2025-05-07T14:47:35.335+08:00] Processing batch: 80000 to 89999
[2025-05-07T14:48:29.657+08:00] Progress: 57% (90000/156915)
[2025-05-07T14:48:30.661+08:00] Processing batch: 90000 to 99999
[2025-05-07T14:49:21.049+08:00] Progress: 64% (100000/156915)
[2025-05-07T14:49:22.059+08:00] Processing batch: 100000 to 109999
[2025-05-07T14:50:14.159+08:00] Progress: 70% (110000/156915)
[2025-05-07T14:50:15.169+08:00] Processing batch: 110000 to 119999
[2025-05-07T14:51:10.735+08:00] Progress: 76% (120000/156915)
[2025-05-07T14:51:11.744+08:00] Processing batch: 120000 to 129999
[2025-05-07T14:52:12.622+08:00] Progress: 83% (130000/156915)
[2025-05-07T14:52:13.636+08:00] Processing batch: 130000 to 139999
[2025-05-07T14:53:17.746+08:00] Progress: 89% (140000/156915)
[2025-05-07T14:53:18.759+08:00] Processing batch: 140000 to 149999
[2025-05-07T14:54:26.266+08:00] Progress: 96% (150000/156915)
[2025-05-07T14:54:27.282+08:00] Processing batch: 150000 to 156914
[2025-05-07T14:55:06.165+08:00] Progress: 100% (156915/156915)
[2025-05-07T14:55:07.166+08:00] Voucher ETL completed. Total Processed: 156923, Total Skipped: 0
[2025-05-07T14:55:16.981+08:00] Shutting down gracefully...
[2025-05-07T14:55:16.985+08:00] Server closed successfully
[2025-05-07T15:07:29.302+08:00] IMP ETL Control API running on port 5006
